{"C:\\Users\\USER\\Desktop\\Apuntes_bit\\FULLSTACK\\bit-backend\\src\\controllers\\libros.js": {"path":"C:\\Users\\USER\\Desktop\\Apuntes_bit\\FULLSTACK\\bit-backend\\src\\controllers\\libros.js","statementMap":{"0":{"start":{"line":3,"column":25},"end":{"line":85,"column":1}},"1":{"start":{"line":5,"column":0},"end":{"line":19,"column":1}},"2":{"start":{"line":6,"column":60},"end":{"line":6,"column":68}},"3":{"start":{"line":7,"column":21},"end":{"line":14,"column":6}},"4":{"start":{"line":15,"column":24},"end":{"line":15,"column":45}},"5":{"start":{"line":16,"column":4},"end":{"line":16,"column":90}},"6":{"start":{"line":18,"column":4},"end":{"line":18,"column":99}},"7":{"start":{"line":27,"column":0},"end":{"line":32,"column":1}},"8":{"start":{"line":28,"column":22},"end":{"line":28,"column":45}},"9":{"start":{"line":29,"column":4},"end":{"line":29,"column":94}},"10":{"start":{"line":31,"column":4},"end":{"line":31,"column":103}},"11":{"start":{"line":39,"column":0},"end":{"line":45,"column":1}},"12":{"start":{"line":40,"column":17},"end":{"line":40,"column":27}},"13":{"start":{"line":41,"column":18},"end":{"line":41,"column":47}},"14":{"start":{"line":42,"column":4},"end":{"line":42,"column":94}},"15":{"start":{"line":44,"column":4},"end":{"line":44,"column":105}},"16":{"start":{"line":51,"column":0},"end":{"line":60,"column":1}},"17":{"start":{"line":52,"column":17},"end":{"line":52,"column":27}},"18":{"start":{"line":53,"column":60},"end":{"line":53,"column":68}},"19":{"start":{"line":54,"column":29},"end":{"line":56,"column":6}},"20":{"start":{"line":57,"column":4},"end":{"line":57,"column":104}},"21":{"start":{"line":59,"column":4},"end":{"line":59,"column":104}},"22":{"start":{"line":67,"column":0},"end":{"line":73,"column":1}},"23":{"start":{"line":68,"column":17},"end":{"line":68,"column":27}},"24":{"start":{"line":69,"column":27},"end":{"line":69,"column":65}},"25":{"start":{"line":70,"column":4},"end":{"line":70,"column":96}},"26":{"start":{"line":72,"column":4},"end":{"line":72,"column":102}}},"fnMap":{"0":{"name":"(anonymous_0)","decl":{"start":{"line":4,"column":12},"end":{"line":4,"column":13}},"loc":{"start":{"line":4,"column":30},"end":{"line":20,"column":1}},"line":4},"1":{"name":"(anonymous_1)","decl":{"start":{"line":26,"column":13},"end":{"line":26,"column":14}},"loc":{"start":{"line":26,"column":31},"end":{"line":33,"column":1}},"line":26},"2":{"name":"(anonymous_2)","decl":{"start":{"line":38,"column":13},"end":{"line":38,"column":14}},"loc":{"start":{"line":38,"column":31},"end":{"line":46,"column":1}},"line":38},"3":{"name":"(anonymous_3)","decl":{"start":{"line":50,"column":12},"end":{"line":50,"column":13}},"loc":{"start":{"line":50,"column":30},"end":{"line":61,"column":1}},"line":50},"4":{"name":"(anonymous_4)","decl":{"start":{"line":66,"column":12},"end":{"line":66,"column":13}},"loc":{"start":{"line":66,"column":30},"end":{"line":74,"column":1}},"line":66}},"branchMap":{},"s":{"0":1,"1":2,"2":2,"3":2,"4":2,"5":1,"6":1,"7":1,"8":1,"9":1,"10":0,"11":2,"12":2,"13":2,"14":1,"15":1,"16":2,"17":2,"18":2,"19":2,"20":1,"21":1,"22":2,"23":2,"24":2,"25":1,"26":1},"f":{"0":2,"1":1,"2":2,"3":2,"4":2},"b":{},"inputSourceMap":null,"_coverageSchema":"1a1c01bbd47fc00a2c39e90264f33305004495a9","hash":"4e6ea4c551b80c2333cae1535f22d322ebec1972"}
,"C:\\Users\\USER\\Desktop\\Apuntes_bit\\FULLSTACK\\bit-backend\\src\\controllers\\users.js": {"path":"C:\\Users\\USER\\Desktop\\Apuntes_bit\\FULLSTACK\\bit-backend\\src\\controllers\\users.js","statementMap":{"0":{"start":{"line":8,"column":24},"end":{"line":105,"column":1}},"1":{"start":{"line":10,"column":4},"end":{"line":41,"column":5}},"2":{"start":{"line":11,"column":45},"end":{"line":11,"column":53}},"3":{"start":{"line":12,"column":6},"end":{"line":12,"column":54}},"4":{"start":{"line":13,"column":31},"end":{"line":13,"column":64}},"5":{"start":{"line":14,"column":6},"end":{"line":14,"column":54}},"6":{"start":{"line":16,"column":16},"end":{"line":16,"column":54}},"7":{"start":{"line":18,"column":22},"end":{"line":24,"column":8}},"8":{"start":{"line":26,"column":25},"end":{"line":26,"column":45}},"9":{"start":{"line":27,"column":6},"end":{"line":32,"column":11}},"10":{"start":{"line":35,"column":6},"end":{"line":40,"column":11}},"11":{"start":{"line":47,"column":2},"end":{"line":96,"column":5}},"12":{"start":{"line":48,"column":35},"end":{"line":48,"column":43}},"13":{"start":{"line":49,"column":4},"end":{"line":49,"column":44}},"14":{"start":{"line":50,"column":2},"end":{"line":50,"column":50}},"15":{"start":{"line":51,"column":24},"end":{"line":51,"column":59}},"16":{"start":{"line":52,"column":6},"end":{"line":52,"column":42}},"17":{"start":{"line":53,"column":6},"end":{"line":90,"column":7}},"18":{"start":{"line":54,"column":8},"end":{"line":57,"column":11}},"19":{"start":{"line":60,"column":30},"end":{"line":63,"column":9}},"20":{"start":{"line":64,"column":8},"end":{"line":89,"column":9}},"21":{"start":{"line":65,"column":10},"end":{"line":65,"column":29}},"22":{"start":{"line":66,"column":24},"end":{"line":70,"column":12}},"23":{"start":{"line":71,"column":10},"end":{"line":71,"column":38}},"24":{"start":{"line":72,"column":10},"end":{"line":83,"column":11}},"25":{"start":{"line":73,"column":12},"end":{"line":77,"column":15}},"26":{"start":{"line":79,"column":12},"end":{"line":82,"column":15}},"27":{"start":{"line":85,"column":10},"end":{"line":88,"column":13}},"28":{"start":{"line":92,"column":6},"end":{"line":95,"column":9}}},"fnMap":{"0":{"name":"(anonymous_0)","decl":{"start":{"line":9,"column":12},"end":{"line":9,"column":13}},"loc":{"start":{"line":9,"column":32},"end":{"line":42,"column":3}},"line":9},"1":{"name":"(anonymous_1)","decl":{"start":{"line":46,"column":7},"end":{"line":46,"column":8}},"loc":{"start":{"line":46,"column":27},"end":{"line":97,"column":3}},"line":46}},"branchMap":{"0":{"loc":{"start":{"line":53,"column":6},"end":{"line":90,"column":7}},"type":"if","locations":[{"start":{"line":53,"column":6},"end":{"line":90,"column":7}},{"start":{"line":58,"column":13},"end":{"line":90,"column":7}}],"line":53},"1":{"loc":{"start":{"line":64,"column":8},"end":{"line":89,"column":9}},"type":"if","locations":[{"start":{"line":64,"column":8},"end":{"line":89,"column":9}},{"start":{"line":84,"column":15},"end":{"line":89,"column":9}}],"line":64},"2":{"loc":{"start":{"line":72,"column":10},"end":{"line":83,"column":11}},"type":"if","locations":[{"start":{"line":72,"column":10},"end":{"line":83,"column":11}},{"start":{"line":78,"column":17},"end":{"line":83,"column":11}}],"line":72}},"s":{"0":1,"1":2,"2":2,"3":2,"4":2,"5":1,"6":1,"7":1,"8":1,"9":1,"10":1,"11":2,"12":2,"13":2,"14":2,"15":2,"16":2,"17":2,"18":0,"19":2,"20":2,"21":1,"22":1,"23":1,"24":1,"25":1,"26":0,"27":1,"28":0},"f":{"0":2,"1":2},"b":{"0":[0,2],"1":[1,1],"2":[1,0]},"inputSourceMap":null,"_coverageSchema":"1a1c01bbd47fc00a2c39e90264f33305004495a9","hash":"9ffd0e704c34849cf2c6e39584209e4c9fdfcfb7"}
,"C:\\Users\\USER\\Desktop\\Apuntes_bit\\FULLSTACK\\bit-backend\\src\\models\\libro.js": {"path":"C:\\Users\\USER\\Desktop\\Apuntes_bit\\FULLSTACK\\bit-backend\\src\\models\\libro.js","statementMap":{"0":{"start":{"line":3,"column":20},"end":{"line":23,"column":1}}},"fnMap":{},"branchMap":{},"s":{"0":1},"f":{},"b":{},"inputSourceMap":null,"_coverageSchema":"1a1c01bbd47fc00a2c39e90264f33305004495a9","hash":"d47f618482d62e20ae155b63fe388ba3b71ca09f"}
,"C:\\Users\\USER\\Desktop\\Apuntes_bit\\FULLSTACK\\bit-backend\\src\\models\\user.js": {"path":"C:\\Users\\USER\\Desktop\\Apuntes_bit\\FULLSTACK\\bit-backend\\src\\models\\user.js","statementMap":{"0":{"start":{"line":3,"column":19},"end":{"line":19,"column":1}}},"fnMap":{},"branchMap":{},"s":{"0":1},"f":{},"b":{},"inputSourceMap":null,"_coverageSchema":"1a1c01bbd47fc00a2c39e90264f33305004495a9","hash":"8eb3da6e54a9ad6ef85edbc2249114af546f8c6a"}
}
