TN:
SF:src\controllers\libros.js
FN:4,(anonymous_0)
FN:26,(anonymous_1)
FN:38,(anonymous_2)
FN:50,(anonymous_3)
FN:66,(anonymous_4)
FNF:5
FNH:5
FNDA:2,(anonymous_0)
FNDA:1,(anonymous_1)
FNDA:2,(anonymous_2)
FNDA:2,(anonymous_3)
FNDA:2,(anonymous_4)
DA:3,1
DA:5,2
DA:6,2
DA:7,2
DA:15,2
DA:16,1
DA:18,1
DA:27,1
DA:28,1
DA:29,1
DA:31,0
DA:39,2
DA:40,2
DA:41,2
DA:42,1
DA:44,1
DA:51,2
DA:52,2
DA:53,2
DA:54,2
DA:57,1
DA:59,1
DA:67,2
DA:68,2
DA:69,2
DA:70,1
DA:72,1
LF:27
LH:26
BRF:0
BRH:0
end_of_record
TN:
SF:src\controllers\users.js
FN:9,(anonymous_0)
FN:46,(anonymous_1)
FNF:2
FNH:2
FNDA:2,(anonymous_0)
FNDA:2,(anonymous_1)
DA:8,1
DA:10,2
DA:11,2
DA:12,2
DA:13,2
DA:14,1
DA:16,1
DA:18,1
DA:26,1
DA:27,1
DA:35,1
DA:47,2
DA:48,2
DA:49,2
DA:50,2
DA:51,2
DA:52,2
DA:53,2
DA:54,0
DA:60,2
DA:64,2
DA:65,1
DA:66,1
DA:71,1
DA:72,1
DA:73,1
DA:79,0
DA:85,1
DA:92,0
LF:29
LH:26
BRDA:53,0,0,0
BRDA:53,0,1,2
BRDA:64,1,0,1
BRDA:64,1,1,1
BRDA:72,2,0,1
BRDA:72,2,1,0
BRF:6
BRH:4
end_of_record
TN:
SF:src\models\libro.js
FNF:0
FNH:0
DA:3,1
LF:1
LH:1
BRF:0
BRH:0
end_of_record
TN:
SF:src\models\user.js
FNF:0
FNH:0
DA:3,1
LF:1
LH:1
BRF:0
BRH:0
end_of_record
